<?xml version="1.0" encoding="UTF-8"?>
<!-- Generated by org.testng.reporters.JUnitReportReporter -->
<testsuite skipped="0" hostname="DESKTOP-3EG9A0A" name="com.appium.android.NewTest2" tests="1" failures="0" timestamp="2020-01-21T14:00:48 IST" time="11.595" errors="0">
  <testcase name="f" time="11.595" classname="com.appium.android.NewTest2"/>
</testsuite> <!-- com.appium.android.NewTest2 -->
