<?xml version="1.0" encoding="UTF-8"?>
<!-- Generated by org.testng.reporters.JUnitReportReporter -->
<testsuite skipped="0" hostname="DESKTOP-3EG9A0A" name="com.appium.android.Erail" tests="1" failures="0" timestamp="2020-01-24T14:34:11 IST" time="14.271" errors="0">
  <testcase name="f" time="14.271" classname="com.appium.android.Erail"/>
</testsuite> <!-- com.appium.android.Erail -->
