<?xml version="1.0" encoding="UTF-8"?>
<!-- Generated by org.testng.reporters.JUnitReportReporter -->
<testsuite skipped="0" hostname="DESKTOP-3EG9A0A" name="com.appium.android.ApkInfo" tests="1" failures="0" timestamp="2020-01-24T12:07:22 IST" time="10.499" errors="0">
  <testcase name="f" time="10.499" classname="com.appium.android.ApkInfo"/>
</testsuite> <!-- com.appium.android.ApkInfo -->
