<?xml version="1.0" encoding="UTF-8"?>
<!-- Generated by org.testng.reporters.JUnitReportReporter -->
<testsuite skipped="0" hostname="DESKTOP-3EG9A0A" name="com.appium.android.NewTest" tests="1" failures="0" timestamp="2020-01-24T12:06:12 IST" time="15.424" errors="0">
  <testcase name="f" time="15.424" classname="com.appium.android.NewTest"/>
</testsuite> <!-- com.appium.android.NewTest -->
